<?xml version="1.0" encoding="UTF-8"?>
<datasources xmlns:xsi="http://www.w3.org/2001/XMLSchema-instance"
	xmlns="http://www.ironjacamar.org/doc/schema"
	xsi:schemaLocation="http://www.ironjacamar.org/doc/schema http://www.ironjacamar.org/doc/schema/datasources_1_1.xsd">
	<datasource jndi-name="java:global/jdbc/exampleTest" pool-name="ExampleDS">
		<connection-url>jdbc:h2:mem:example-test;DB_CLOSE_DELAY=-1</connection-url>
		<driver>h2</driver>
	</datasource>
</datasources>